<?xml version="1.0" encoding="UTF-8"?>
<!-- Generated by org.testng.reporters.JUnitXMLReporter -->
<testsuite hostname="DESKTOP-JI54U4I" ignored="0" name="Test" tests="1" failures="0" timestamp="30 May 2021 19:08:51 GMT" time="0.148" errors="0">
  <testcase name="@BeforeClass setUp" time="0.0" classname="tests.PhpTravelsSignUp">
    <failure type="org.testng.TestNGException" message="
Parameter &amp;apos;browser&amp;apos; is required by BeforeClass on method setUp but has not been marked @Optional or defined
in D:\ATOS_Preperation\ATOS-Task\task\testng.xml">
      <![CDATA[org.testng.TestNGException: 
Parameter 'browser' is required by BeforeClass on method setUp but has not been marked @Optional or defined
in D:\ATOS_Preperation\ATOS-Task\task\testng.xml
... Removed 23 stack frames]]>
    </failure>
  </testcase> <!-- @BeforeClass setUp -->
  <testcase name="@BeforeMethod navigation" time="0.0" classname="tests.PhpTravelsSignUp">
    <skipped/>
  </testcase> <!-- @BeforeMethod navigation -->
  <testcase name="@AfterMethod assertUrl" time="0.0" classname="tests.PhpTravelsSignUp">
    <skipped/>
  </testcase> <!-- @AfterMethod assertUrl -->
  <testcase name="@AfterClass close" time="0.0" classname="tests.PhpTravelsSignUp">
    <skipped/>
  </testcase> <!-- @AfterClass close -->
  <testcase name="fullScenario" time="0.0" classname="tests.PhpTravelsSignUp">
    <skipped/>
  </testcase> <!-- fullScenario -->
</testsuite> <!-- Test -->
