<?xml version="1.0" encoding="UTF-8"?>
<!-- Generated by org.testng.reporters.JUnitXMLReporter -->
<testsuite hostname="DESKTOP-JI54U4I" ignored="0" name="Testfirefox" tests="1" failures="1" timestamp="01 Jun 2021 22:14:12 GMT" time="332.002" errors="0">
  <testcase name="@AfterMethod assertUrl" time="0.008" classname="tests.PhpTravelsSignUp">
    <failure type="java.lang.AssertionError">
      <![CDATA[java.lang.AssertionError: 
at tests.PhpTravelsSignUp.assertUrl(PhpTravelsSignUp.java:104)
... Removed 31 stack frames]]>
    </failure>
  </testcase> <!-- @AfterMethod assertUrl -->
  <testcase name="@AfterClass close" time="0.0" classname="tests.PhpTravelsSignUp">
    <skipped/>
  </testcase> <!-- @AfterClass close -->
  <testcase name="fullScenario" time="300.048" classname="tests.PhpTravelsSignUp">
    <failure type="org.openqa.selenium.NoSuchElementException" message="Unable to locate element: #dropdownLanguage
For documentation on this error, please visit: https://www.seleniumhq.org/exceptions/no_such_element.html
Build info: version: &amp;apos;3.141.59&amp;apos;, revision: &amp;apos;e82be7d358&amp;apos;, time: &amp;apos;2018-11-14T08:17:03&amp;apos;
System info: host: &amp;apos;DESKTOP-JI54U4I&amp;apos;, ip: &amp;apos;192.168.1.5&amp;apos;, os.name: &amp;apos;Windows 10&amp;apos;, os.arch: &amp;apos;amd64&amp;apos;, os.version: &amp;apos;10.0&amp;apos;, java.version: &amp;apos;1.8.0_181&amp;apos;
Driver info: org.openqa.selenium.firefox.FirefoxDriver
Capabilities {acceptInsecureCerts: true, browserName: firefox, browserVersion: 79.0, javascriptEnabled: true, moz:accessibilityChecks: false, moz:buildID: 20200720193547, moz:geckodriverVersion: 0.29.0, moz:headless: false, moz:processID: 13476, moz:profile: C:\Users\Esraa\AppData\Loca..., moz:shutdownTimeout: 60000, moz:useNonSpecCompliantPointerOrigin: false, moz:webdriverClick: true, pageLoadStrategy: normal, platform: WINDOWS, platformName: WINDOWS, platformVersion: 10.0, rotatable: false, setWindowRect: true, strictFileInteractability: false, timeouts: {implicit: 0, pageLoad: 300000, script: 30000}, unhandledPromptBehavior: dismiss and notify}
Session ID: 19d15e87-1513-4d74-8f4b-964eab9ecdd6
*** Element info: {Using=id, value=dropdownLanguage}">
      <![CDATA[org.openqa.selenium.NoSuchElementException: Unable to locate element: #dropdownLanguage
For documentation on this error, please visit: https://www.seleniumhq.org/exceptions/no_such_element.html
Build info: version: '3.141.59', revision: 'e82be7d358', time: '2018-11-14T08:17:03'
System info: host: 'DESKTOP-JI54U4I', ip: '192.168.1.5', os.name: 'Windows 10', os.arch: 'amd64', os.version: '10.0', java.version: '1.8.0_181'
Driver info: org.openqa.selenium.firefox.FirefoxDriver
Capabilities {acceptInsecureCerts: true, browserName: firefox, browserVersion: 79.0, javascriptEnabled: true, moz:accessibilityChecks: false, moz:buildID: 20200720193547, moz:geckodriverVersion: 0.29.0, moz:headless: false, moz:processID: 13476, moz:profile: C:\Users\Esraa\AppData\Loca..., moz:shutdownTimeout: 60000, moz:useNonSpecCompliantPointerOrigin: false, moz:webdriverClick: true, pageLoadStrategy: normal, platform: WINDOWS, platformName: WINDOWS, platformVersion: 10.0, rotatable: false, setWindowRect: true, strictFileInteractability: false, timeouts: {implicit: 0, pageLoad: 300000, script: 30000}, unhandledPromptBehavior: dismiss and notify}
Session ID: 19d15e87-1513-4d74-8f4b-964eab9ecdd6
*** Element info: {Using=id, value=dropdownLanguage}
at org.openqa.selenium.remote.http.W3CHttpResponseCodec.createException(W3CHttpResponseCodec.java:187)
at org.openqa.selenium.remote.http.W3CHttpResponseCodec.decode(W3CHttpResponseCodec.java:122)
at org.openqa.selenium.remote.http.W3CHttpResponseCodec.decode(W3CHttpResponseCodec.java:49)
at org.openqa.selenium.remote.HttpCommandExecutor.execute(HttpCommandExecutor.java:158)
at org.openqa.selenium.remote.service.DriverCommandExecutor.execute(DriverCommandExecutor.java:83)
at org.openqa.selenium.remote.RemoteWebDriver.execute(RemoteWebDriver.java:552)
at org.openqa.selenium.remote.RemoteWebDriver.findElement(RemoteWebDriver.java:323)
at org.openqa.selenium.remote.RemoteWebDriver.findElementById(RemoteWebDriver.java:372)
at org.openqa.selenium.By$ById.findElement(By.java:188)
at org.openqa.selenium.remote.RemoteWebDriver.findElement(RemoteWebDriver.java:315)
at tests.PhpTravelsSignUp.findBy(PhpTravelsSignUp.java:142)
at tests.PhpTravelsSignUp.changeLanguage(PhpTravelsSignUp.java:108)
at tests.PhpTravelsSignUp.fullScenario(PhpTravelsSignUp.java:83)
... Removed 29 stack frames]]>
    </failure>
  </testcase> <!-- fullScenario -->
</testsuite> <!-- Testfirefox -->
